
*** Running vivado
    with args -log design_1_axi_bram_ctrl_0_bram_0.vds -m64 -product Vivado -mode batch -messageDb vivado.pb -notrace -source design_1_axi_bram_ctrl_0_bram_0.tcl

awk: symbol lookup error: awk: undefined symbol: mpfr_z_sub

****** Vivado v2016.4 (64-bit)
  **** SW Build 1756540 on Mon Jan 23 19:11:19 MST 2017
  **** IP Build 1755317 on Mon Jan 23 20:30:07 MST 2017
    ** Copyright 1986-2016 Xilinx, Inc. All Rights Reserved.

source design_1_axi_bram_ctrl_0_bram_0.tcl -notrace
awk: symbol lookup error: awk: undefined symbol: mpfr_z_sub
Starting RTL Elaboration : Time (s): cpu = 00:00:08 ; elapsed = 00:00:08 . Memory (MB): peak = 1100.551 ; gain = 170.086 ; free physical = 5349 ; free virtual = 25029
INFO: [Synth 8-638] synthesizing module 'design_1_axi_bram_ctrl_0_bram_0' [/home/fplibano/vivado/mnist_HLS_R/mnist_HLS_R.srcs/sources_1/bd/design_1/ip/design_1_axi_bram_ctrl_0_bram_0/synth/design_1_axi_bram_ctrl_0_bram_0.vhd:78]
INFO: [Synth 8-256] done synthesizing module 'design_1_axi_bram_ctrl_0_bram_0' (9#1) [/home/fplibano/vivado/mnist_HLS_R/mnist_HLS_R.srcs/sources_1/bd/design_1/ip/design_1_axi_bram_ctrl_0_bram_0/synth/design_1_axi_bram_ctrl_0_bram_0.vhd:78]
Finished RTL Elaboration : Time (s): cpu = 00:00:50 ; elapsed = 00:00:51 . Memory (MB): peak = 1301.223 ; gain = 370.758 ; free physical = 4504 ; free virtual = 24210
Finished RTL Optimization Phase 1 : Time (s): cpu = 00:00:50 ; elapsed = 00:00:51 . Memory (MB): peak = 1301.223 ; gain = 370.758 ; free physical = 4486 ; free virtual = 24192
INFO: [Device 21-403] Loading part xc7z020clg484-1
Constraint Validation Runtime : Time (s): cpu = 00:00:00.02 ; elapsed = 00:00:00.02 . Memory (MB): peak = 1457.059 ; gain = 1.000 ; free physical = 4420 ; free virtual = 24126
Finished Constraint Validation : Time (s): cpu = 00:01:00 ; elapsed = 00:01:00 . Memory (MB): peak = 1457.059 ; gain = 526.594 ; free physical = 4383 ; free virtual = 24098
Finished Loading Part and Timing Information : Time (s): cpu = 00:01:00 ; elapsed = 00:01:00 . Memory (MB): peak = 1457.059 ; gain = 526.594 ; free physical = 4383 ; free virtual = 24098
Finished applying 'set_property' XDC Constraints : Time (s): cpu = 00:01:00 ; elapsed = 00:01:00 . Memory (MB): peak = 1457.059 ; gain = 526.594 ; free physical = 4383 ; free virtual = 24098
Finished RTL Optimization Phase 2 : Time (s): cpu = 00:01:00 ; elapsed = 00:01:01 . Memory (MB): peak = 1457.059 ; gain = 526.594 ; free physical = 4379 ; free virtual = 24096
Finished Cross Boundary and Area Optimization : Time (s): cpu = 00:01:00 ; elapsed = 00:01:01 . Memory (MB): peak = 1457.059 ; gain = 526.594 ; free physical = 4379 ; free virtual = 24095
Finished Applying XDC Timing Constraints : Time (s): cpu = 00:01:08 ; elapsed = 00:01:08 . Memory (MB): peak = 1457.059 ; gain = 526.594 ; free physical = 5015 ; free virtual = 24736
Finished Timing Optimization : Time (s): cpu = 00:01:08 ; elapsed = 00:01:08 . Memory (MB): peak = 1457.059 ; gain = 526.594 ; free physical = 5015 ; free virtual = 24736
Finished Technology Mapping : Time (s): cpu = 00:01:08 ; elapsed = 00:01:08 . Memory (MB): peak = 1458.059 ; gain = 527.594 ; free physical = 5006 ; free virtual = 24727
Finished IO Insertion : Time (s): cpu = 00:01:08 ; elapsed = 00:01:09 . Memory (MB): peak = 1458.059 ; gain = 527.594 ; free physical = 4997 ; free virtual = 24717
Finished Renaming Generated Instances : Time (s): cpu = 00:01:08 ; elapsed = 00:01:09 . Memory (MB): peak = 1458.059 ; gain = 527.594 ; free physical = 4997 ; free virtual = 24717
Finished Rebuilding User Hierarchy : Time (s): cpu = 00:01:08 ; elapsed = 00:01:09 . Memory (MB): peak = 1458.059 ; gain = 527.594 ; free physical = 4997 ; free virtual = 24717
Finished Renaming Generated Ports : Time (s): cpu = 00:01:08 ; elapsed = 00:01:09 . Memory (MB): peak = 1458.059 ; gain = 527.594 ; free physical = 4997 ; free virtual = 24717
Finished Handling Custom Attributes : Time (s): cpu = 00:01:08 ; elapsed = 00:01:09 . Memory (MB): peak = 1458.059 ; gain = 527.594 ; free physical = 4997 ; free virtual = 24717
Finished Renaming Generated Nets : Time (s): cpu = 00:01:08 ; elapsed = 00:01:09 . Memory (MB): peak = 1458.059 ; gain = 527.594 ; free physical = 4997 ; free virtual = 24717

Report Cell Usage: 
+------+---------+------+
|      |Cell     |Count |
+------+---------+------+
|1     |RAMB36E1 |     2|
+------+---------+------+
Finished Writing Synthesis Report : Time (s): cpu = 00:01:08 ; elapsed = 00:01:09 . Memory (MB): peak = 1458.059 ; gain = 527.594 ; free physical = 4997 ; free virtual = 24717
synth_design: Time (s): cpu = 00:01:06 ; elapsed = 00:01:06 . Memory (MB): peak = 1474.574 ; gain = 455.605 ; free physical = 4935 ; free virtual = 24656
